<?xml version="1.0" encoding="UTF-8"?>
<testsuite xmlns:xsi="http://www.w3.org/2001/XMLSchema-instance" xsi:noNamespaceSchemaLocation="https://maven.apache.org/surefire/maven-surefire-plugin/xsd/surefire-test-report-3.0.xsd" version="3.0" name="ch.sbb.tms.platform.springbootstarter.solaceclientconfig.KeyStoreFactoryTest" time="0.153" tests="10" errors="0" skipped="0" failures="0">
  <properties>
[...]
</properties>
  <testcase name="createTrustStore_mustCreateKeyStoreObjectWithCertificates_whenCertificatesTypeCorrect" classname="ch.sbb.tms.platform.springbootstarter.solaceclientconfig.KeyStoreFactoryTest" time="0.079"/>
  <testcase name="createTrustStore_mustThrowException_whenCertificatesTypeIncorrect" classname="ch.sbb.tms.platform.springbootstarter.solaceclientconfig.KeyStoreFactoryTest" time="0.001"/>
  <testcase name="createClientKeyStore_mustThrowException_whenCertificatesTypeIncorrect" classname="ch.sbb.tms.platform.springbootstarter.solaceclientconfig.KeyStoreFactoryTest" time="0.002"/>
  <testcase name="createClientKeyStore_mustRethrowIOException_always" classname="ch.sbb.tms.platform.springbootstarter.solaceclientconfig.KeyStoreFactoryTest" time="0.002"/>
  <testcase name="createTrustStore_mustRethrowCertificateException_always" classname="ch.sbb.tms.platform.springbootstarter.solaceclientconfig.KeyStoreFactoryTest" time="0.001"/>
  <testcase name="createClientKeyStore_mustRethrowInvalidKeySpecException_always" classname="ch.sbb.tms.platform.springbootstarter.solaceclientconfig.KeyStoreFactoryTest" time="0.001"/>
  <testcase name="createClientKeyStore_mustRethrowNoSuchAlgorithmException_always" classname="ch.sbb.tms.platform.springbootstarter.solaceclientconfig.KeyStoreFactoryTest" time="0.001"/>
  <testcase name="createClientKeyStore_mustRethrowCertificateException_always" classname="ch.sbb.tms.platform.springbootstarter.solaceclientconfig.KeyStoreFactoryTest" time="0.001"/>
  <testcase name="createClientKeyStore_mustCreateKeyStoreObjectWithCertificates_whenCertificatesTypeCorrect" classname="ch.sbb.tms.platform.springbootstarter.solaceclientconfig.KeyStoreFactoryTest" time="0.06"/>
  <testcase name="createTrustStore_mustRethrowIOException_always" classname="ch.sbb.tms.platform.springbootstarter.solaceclientconfig.KeyStoreFactoryTest" time="0.001"/>
</testsuite>